<?xml version="1.0" encoding="UTF-8"?>
<!-- Generated by org.testng.reporters.JUnitXMLReporter -->
<testsuite hostname="Ashwani_Singh" name="Test2" tests="1" failures="0" timestamp="29 Sep 2022 08:44:05 GMT" time="0.015" errors="0">
  <testcase name="@BeforeMethod Invoke" time="0.0" classname="ashwani.TestCasePackage.TestCase2">
    <failure type="java.lang.IllegalStateException" message="The path to the driver executable must be set by the webdriver.chrome.driver system property; for more information, see https://github.com/SeleniumHQ/selenium/wiki/ChromeDriver. The latest version can be downloaded from http://chromedriver.storage.googleapis.com/index.html">
      <![CDATA[java.lang.IllegalStateException: The path to the driver executable must be set by the webdriver.chrome.driver system property; for more information, see https://github.com/SeleniumHQ/selenium/wiki/ChromeDriver. The latest version can be downloaded from http://chromedriver.storage.googleapis.com/index.html
	at com.google.common.base.Preconditions.checkState(Preconditions.java:847)
	at org.openqa.selenium.remote.service.DriverService.findExecutable(DriverService.java:124)
	at org.openqa.selenium.chrome.ChromeDriverService.access$000(ChromeDriverService.java:32)
	at org.openqa.selenium.chrome.ChromeDriverService$Builder.findDefaultExecutable(ChromeDriverService.java:137)
	at org.openqa.selenium.remote.service.DriverService$Builder.build(DriverService.java:339)
	at org.openqa.selenium.chrome.ChromeDriverService.createDefaultService(ChromeDriverService.java:88)
	at org.openqa.selenium.chrome.ChromeDriver.<init>(ChromeDriver.java:123)
	at ashwani.TestCasePackage.BaseTest.invokeBrowser(BaseTest.java:46)
	at ashwani.TestCasePackage.TestCase2.Invoke(TestCase2.java:29)
... Removed 26 stack frames]]>
    </failure>
  </testcase> <!-- @BeforeMethod Invoke -->
  <testcase name="getMeLive" time="0.015" classname="ashwani.TestCasePackage.TestCase2">
    <skipped/>
  </testcase> <!-- getMeLive -->
</testsuite> <!-- Test2 -->
