<?xml version="1.0" encoding="UTF-8"?>
<!-- Generated by org.testng.reporters.JUnitXMLReporter -->
<testsuite hostname="Ashwani_Singh" name="Test3" tests="6" failures="0" timestamp="28 Sep 2022 12:47:00 GMT" time="26.169" errors="0">
  <testcase name="@BeforeMethod Invoke" time="0.0" classname="ashwani.TestCasePackage.TestCase1">
    <failure type="org.openqa.selenium.SessionNotCreatedException" message="session not created
from disconnected: received Inspector.detached event
  (Session info: chrome=105.0.5195.127)
Build info: version: &amp;apos;3.10.0&amp;apos;, revision: &amp;apos;176b4a9&amp;apos;, time: &amp;apos;2018-03-02T19:03:16.397Z&amp;apos;
System info: host: &amp;apos;ASHWANI_SINGH&amp;apos;, ip: &amp;apos;192.168.136.1&amp;apos;, os.name: &amp;apos;Windows 8.1&amp;apos;, os.arch: &amp;apos;amd64&amp;apos;, os.version: &amp;apos;6.3&amp;apos;, java.version: &amp;apos;1.8.0_11&amp;apos;
Driver info: driver.version: ChromeDriver
remote stacktrace: Backtrace:
	Ordinal0 [0x00ED78B3+2193587]
	Ordinal0 [0x00E70681+1771137]
	Ordinal0 [0x00D841A8+803240]
	Ordinal0 [0x00D77E1E+753182]
	Ordinal0 [0x00D77A0F+752143]
	Ordinal0 [0x00D76FAF+749487]
	Ordinal0 [0x00D75E94+745108]
	Ordinal0 [0x00D7636D+746349]
	Ordinal0 [0x00D75AA5+744101]
	Ordinal0 [0x00D7FD53+785747]
	Ordinal0 [0x00D75A55+744021]
	Ordinal0 [0x00D76B58+748376]
	Ordinal0 [0x00D75E94+745108]
	Ordinal0 [0x00D7636D+746349]
	Ordinal0 [0x00D75AA5+744101]
	Ordinal0 [0x00D7DA58+776792]
	Ordinal0 [0x00D75A55+744021]
	Ordinal0 [0x00D76B58+748376]
	Ordinal0 [0x00D75E94+745108]
	Ordinal0 [0x00D7636D+746349]
	Ordinal0 [0x00D75AA5+744101]
	Ordinal0 [0x00D7B452+767058]
	Ordinal0 [0x00D75A55+744021]
	Ordinal0 [0x00D76B58+748376]
	Ordinal0 [0x00D75E94+745108]
	Ordinal0 [0x00D7636D+746349]
	Ordinal0 [0x00D75AA5+744101]
	Ordinal0 [0x00D7148D+726157]
	Ordinal0 [0x00D75A55+744021]
	Ordinal0 [0x00D757E0+743392]
	Ordinal0 [0x00D75529+742697]
	Ordinal0 [0x00D85500+808192]
	Ordinal0 [0x00DD3449+1127497]
	Ordinal0 [0x00DD200A+1122314]
	Ordinal0 [0x00DCD5C6+1103302]
	Ordinal0 [0x00DA77E0+948192]
	Ordinal0 [0x00DA86E6+952038]
	GetHandleVerifier [0x01180CB2+2738370]
	GetHandleVerifier [0x011721B8+2678216]
	GetHandleVerifier [0x00F617AA+512954]
	GetHandleVerifier [0x00F60856+509030]
	Ordinal0 [0x00E7743B+1799227]
	Ordinal0 [0x00E7BB68+1817448]
	Ordinal0 [0x00E7BC55+1817685]
	Ordinal0 [0x00E85230+1856048]
	BaseThreadInitThunk [0x76AE495D+14]
	RtlInitializeExceptionChain [0x778998EE+132]
	RtlInitializeExceptionChain [0x778998C4+90]
">
      <![CDATA[org.openqa.selenium.SessionNotCreatedException: session not created
from disconnected: received Inspector.detached event
  (Session info: chrome=105.0.5195.127)
Build info: version: '3.10.0', revision: '176b4a9', time: '2018-03-02T19:03:16.397Z'
System info: host: 'ASHWANI_SINGH', ip: '192.168.136.1', os.name: 'Windows 8.1', os.arch: 'amd64', os.version: '6.3', java.version: '1.8.0_11'
Driver info: driver.version: ChromeDriver
remote stacktrace: Backtrace:
	Ordinal0 [0x00ED78B3+2193587]
	Ordinal0 [0x00E70681+1771137]
	Ordinal0 [0x00D841A8+803240]
	Ordinal0 [0x00D77E1E+753182]
	Ordinal0 [0x00D77A0F+752143]
	Ordinal0 [0x00D76FAF+749487]
	Ordinal0 [0x00D75E94+745108]
	Ordinal0 [0x00D7636D+746349]
	Ordinal0 [0x00D75AA5+744101]
	Ordinal0 [0x00D7FD53+785747]
	Ordinal0 [0x00D75A55+744021]
	Ordinal0 [0x00D76B58+748376]
	Ordinal0 [0x00D75E94+745108]
	Ordinal0 [0x00D7636D+746349]
	Ordinal0 [0x00D75AA5+744101]
	Ordinal0 [0x00D7DA58+776792]
	Ordinal0 [0x00D75A55+744021]
	Ordinal0 [0x00D76B58+748376]
	Ordinal0 [0x00D75E94+745108]
	Ordinal0 [0x00D7636D+746349]
	Ordinal0 [0x00D75AA5+744101]
	Ordinal0 [0x00D7B452+767058]
	Ordinal0 [0x00D75A55+744021]
	Ordinal0 [0x00D76B58+748376]
	Ordinal0 [0x00D75E94+745108]
	Ordinal0 [0x00D7636D+746349]
	Ordinal0 [0x00D75AA5+744101]
	Ordinal0 [0x00D7148D+726157]
	Ordinal0 [0x00D75A55+744021]
	Ordinal0 [0x00D757E0+743392]
	Ordinal0 [0x00D75529+742697]
	Ordinal0 [0x00D85500+808192]
	Ordinal0 [0x00DD3449+1127497]
	Ordinal0 [0x00DD200A+1122314]
	Ordinal0 [0x00DCD5C6+1103302]
	Ordinal0 [0x00DA77E0+948192]
	Ordinal0 [0x00DA86E6+952038]
	GetHandleVerifier [0x01180CB2+2738370]
	GetHandleVerifier [0x011721B8+2678216]
	GetHandleVerifier [0x00F617AA+512954]
	GetHandleVerifier [0x00F60856+509030]
	Ordinal0 [0x00E7743B+1799227]
	Ordinal0 [0x00E7BB68+1817448]
	Ordinal0 [0x00E7BC55+1817685]
	Ordinal0 [0x00E85230+1856048]
	BaseThreadInitThunk [0x76AE495D+14]
	RtlInitializeExceptionChain [0x778998EE+132]
	RtlInitializeExceptionChain [0x778998C4+90]

	at org.openqa.selenium.remote.W3CHandshakeResponse.lambda$new$0(W3CHandshakeResponse.java:57)
	at org.openqa.selenium.remote.W3CHandshakeResponse$$Lambda$121/989447607.apply(Unknown Source)
	at org.openqa.selenium.remote.W3CHandshakeResponse.lambda$getResponseFunction$2(W3CHandshakeResponse.java:104)
	at org.openqa.selenium.remote.W3CHandshakeResponse$$Lambda$123/249034932.apply(Unknown Source)
	at org.openqa.selenium.remote.ProtocolHandshake.lambda$createSession$0(ProtocolHandshake.java:123)
	at org.openqa.selenium.remote.ProtocolHandshake$$Lambda$124/940584193.apply(Unknown Source)
	at java.util.stream.ReferencePipeline$3$1.accept(ReferencePipeline.java:193)
	at java.util.Spliterators$ArraySpliterator.tryAdvance(Spliterators.java:958)
	at java.util.stream.ReferencePipeline.forEachWithCancel(ReferencePipeline.java:126)
	at java.util.stream.AbstractPipeline.copyIntoWithCancel(AbstractPipeline.java:529)
	at java.util.stream.AbstractPipeline.copyInto(AbstractPipeline.java:516)
	at java.util.stream.AbstractPipeline.wrapAndCopyInto(AbstractPipeline.java:502)
	at java.util.stream.FindOps$FindOp.evaluateSequential(FindOps.java:152)
	at java.util.stream.AbstractPipeline.evaluate(AbstractPipeline.java:234)
	at java.util.stream.ReferencePipeline.findFirst(ReferencePipeline.java:464)
	at org.openqa.selenium.remote.ProtocolHandshake.createSession(ProtocolHandshake.java:126)
	at org.openqa.selenium.remote.ProtocolHandshake.createSession(ProtocolHandshake.java:73)
	at org.openqa.selenium.remote.HttpCommandExecutor.execute(HttpCommandExecutor.java:138)
	at org.openqa.selenium.remote.service.DriverCommandExecutor.execute(DriverCommandExecutor.java:83)
	at org.openqa.selenium.remote.RemoteWebDriver.execute(RemoteWebDriver.java:601)
	at org.openqa.selenium.remote.RemoteWebDriver.startSession(RemoteWebDriver.java:219)
	at org.openqa.selenium.remote.RemoteWebDriver.<init>(RemoteWebDriver.java:142)
	at org.openqa.selenium.chrome.ChromeDriver.<init>(ChromeDriver.java:181)
	at org.openqa.selenium.chrome.ChromeDriver.<init>(ChromeDriver.java:168)
	at org.openqa.selenium.chrome.ChromeDriver.<init>(ChromeDriver.java:123)
	at ashwani.TestCasePackage.BaseTest.invokeBrowser(BaseTest.java:35)
	at ashwani.TestCasePackage.TestCase1.Invoke(TestCase1.java:26)
... Removed 30 stack frames]]>
    </failure>
  </testcase> <!-- @BeforeMethod Invoke -->
  <testcase name="@BeforeMethod Invoke" time="0.0" classname="ashwani.TestCasePackage.TestCase1">
    <skipped/>
  </testcase> <!-- @BeforeMethod Invoke -->
  <testcase name="@BeforeMethod Invoke" time="0.0" classname="ashwani.TestCasePackage.TestCase2">
    <failure type="org.openqa.selenium.WebDriverException" message="unknown error: cannot determine loading status
from disconnected: received Inspector.detached event
  (Session info: chrome=105.0.5195.127)
Build info: version: &amp;apos;3.10.0&amp;apos;, revision: &amp;apos;176b4a9&amp;apos;, time: &amp;apos;2018-03-02T19:03:16.397Z&amp;apos;
System info: host: &amp;apos;ASHWANI_SINGH&amp;apos;, ip: &amp;apos;192.168.136.1&amp;apos;, os.name: &amp;apos;Windows 8.1&amp;apos;, os.arch: &amp;apos;amd64&amp;apos;, os.version: &amp;apos;6.3&amp;apos;, java.version: &amp;apos;1.8.0_11&amp;apos;
Driver info: org.openqa.selenium.chrome.ChromeDriver
Capabilities {acceptInsecureCerts: false, browserName: chrome, browserVersion: 105.0.5195.127, chrome: {chromedriverVersion: 104.0.5112.79 (3cf3e8c8a07d..., userDataDir: C:\Users\ASHWAN~1\AppData\L...}, goog:chromeOptions: {debuggerAddress: localhost:56234}, javascriptEnabled: true, networkConnectionEnabled: false, pageLoadStrategy: normal, platform: WINDOWS, platformName: WINDOWS, proxy: Proxy(), setWindowRect: true, strictFileInteractability: false, timeouts: {implicit: 0, pageLoad: 300000, script: 30000}, unhandledPromptBehavior: dismiss and notify, webauthn:extension:credBlob: true, webauthn:extension:largeBlob: true, webauthn:virtualAuthenticators: true}
Session ID: 9304bba6028d7902058b544b05c9b309">
      <![CDATA[org.openqa.selenium.WebDriverException: unknown error: cannot determine loading status
from disconnected: received Inspector.detached event
  (Session info: chrome=105.0.5195.127)
Build info: version: '3.10.0', revision: '176b4a9', time: '2018-03-02T19:03:16.397Z'
System info: host: 'ASHWANI_SINGH', ip: '192.168.136.1', os.name: 'Windows 8.1', os.arch: 'amd64', os.version: '6.3', java.version: '1.8.0_11'
Driver info: org.openqa.selenium.chrome.ChromeDriver
Capabilities {acceptInsecureCerts: false, browserName: chrome, browserVersion: 105.0.5195.127, chrome: {chromedriverVersion: 104.0.5112.79 (3cf3e8c8a07d..., userDataDir: C:\Users\ASHWAN~1\AppData\L...}, goog:chromeOptions: {debuggerAddress: localhost:56234}, javascriptEnabled: true, networkConnectionEnabled: false, pageLoadStrategy: normal, platform: WINDOWS, platformName: WINDOWS, proxy: Proxy(), setWindowRect: true, strictFileInteractability: false, timeouts: {implicit: 0, pageLoad: 300000, script: 30000}, unhandledPromptBehavior: dismiss and notify, webauthn:extension:credBlob: true, webauthn:extension:largeBlob: true, webauthn:virtualAuthenticators: true}
Session ID: 9304bba6028d7902058b544b05c9b309
	at org.openqa.selenium.remote.http.W3CHttpResponseCodec.createException(W3CHttpResponseCodec.java:187)
	at org.openqa.selenium.remote.http.W3CHttpResponseCodec.decode(W3CHttpResponseCodec.java:122)
	at org.openqa.selenium.remote.http.W3CHttpResponseCodec.decode(W3CHttpResponseCodec.java:49)
	at org.openqa.selenium.remote.HttpCommandExecutor.execute(HttpCommandExecutor.java:160)
	at org.openqa.selenium.remote.service.DriverCommandExecutor.execute(DriverCommandExecutor.java:83)
	at org.openqa.selenium.remote.RemoteWebDriver.execute(RemoteWebDriver.java:601)
	at org.openqa.selenium.remote.RemoteWebDriver.get(RemoteWebDriver.java:325)
	at ashwani.TestCasePackage.BaseTest.invokeBrowser(BaseTest.java:36)
	at ashwani.TestCasePackage.TestCase2.Invoke(TestCase2.java:28)
... Removed 30 stack frames]]>
    </failure>
  </testcase> <!-- @BeforeMethod Invoke -->
  <testcase name="@BeforeMethod Invoke" time="0.0" classname="ashwani.TestCasePackage.TestCase2">
    <skipped/>
  </testcase> <!-- @BeforeMethod Invoke -->
  <testcase name="playFrmSubscriptionTab" time="2.247" classname="ashwani.TestCasePackage.TestCase1"/>
  <testcase name="playMusicOnYoutube" time="0.0" classname="ashwani.TestCasePackage.TestCase1">
    <skipped/>
  </testcase> <!-- playMusicOnYoutube -->
  <testcase name="searchandPlay" time="0.012" classname="ashwani.TestCasePackage.TestCase1">
    <skipped/>
  </testcase> <!-- searchandPlay -->
  <testcase name="sortComments" time="0.0" classname="ashwani.TestCasePackage.TestCase1">
    <skipped/>
  </testcase> <!-- sortComments -->
  <testcase name="getMeLive" time="0.013" classname="ashwani.TestCasePackage.TestCase2">
    <skipped/>
  </testcase> <!-- getMeLive -->
  <testcase name="getMeTrending" time="0.0" classname="ashwani.TestCasePackage.TestCase2">
    <skipped/>
  </testcase> <!-- getMeTrending -->
</testsuite> <!-- Test3 -->
