<?xml version="1.0" encoding="UTF-8"?>
<testng-results skipped="0" failed="2" total="6" passed="4">
  <reporter-output>
  </reporter-output>
  <suite name="Suite" duration-ms="115134" started-at="2022-09-29T12:11:37Z" finished-at="2022-09-29T12:13:32Z">
    <groups>
      <group name="Smoke">
        <method signature="TestCase1.playMusicOnYoutube(java.lang.String, java.lang.String)[pri:0, instance:ashwani.TestCasePackage.TestCase1@59fa1d9b]" name="playMusicOnYoutube" class="ashwani.TestCasePackage.TestCase1"/>
      </group> <!-- Smoke -->
    </groups>
    <test name="Test4" duration-ms="72705" started-at="2022-09-29T12:11:37Z" finished-at="2022-09-29T12:12:50Z">
      <class name="ashwani.TestCasePackage.TestCase1">
        <test-method status="PASS" signature="Invoke()[pri:0, instance:ashwani.TestCasePackage.TestCase1@59fa1d9b]" name="Invoke" is-config="true" duration-ms="13773" started-at="2022-09-29T17:41:37Z" finished-at="2022-09-29T17:41:51Z">
          <reporter-output>
          </reporter-output>
        </test-method> <!-- Invoke -->
        <test-method status="PASS" signature="playFrmSubscriptionTab()[pri:0, instance:ashwani.TestCasePackage.TestCase1@59fa1d9b]" name="playFrmSubscriptionTab" duration-ms="2440" started-at="2022-09-29T17:41:51Z" finished-at="2022-09-29T17:41:53Z">
          <reporter-output>
          </reporter-output>
        </test-method> <!-- playFrmSubscriptionTab -->
        <test-method status="PASS" signature="close()[pri:0, instance:ashwani.TestCasePackage.TestCase1@59fa1d9b]" name="close" is-config="true" duration-ms="2666" started-at="2022-09-29T17:41:53Z" finished-at="2022-09-29T17:41:56Z">
          <reporter-output>
          </reporter-output>
        </test-method> <!-- close -->
        <test-method status="FAIL" signature="playMusicOnYoutube(java.lang.String, java.lang.String)[pri:0, instance:ashwani.TestCasePackage.TestCase1@59fa1d9b]" name="playMusicOnYoutube" duration-ms="0" started-at="2022-09-29T17:41:56Z" finished-at="2022-09-29T17:41:56Z">
          <exception class="org.testng.TestNGException">
            <message>
              <![CDATA[
Parameter 'user' is required by @Test on method playMusicOnYoutube but has not been marked @Optional or defined
in D:\workspace100\Youtube_Automation\Suites\testng3.xml]]>
            </message>
            <full-stacktrace>
              <![CDATA[org.testng.TestNGException: 
Parameter 'user' is required by @Test on method playMusicOnYoutube but has not been marked @Optional or defined
in D:\workspace100\Youtube_Automation\Suites\testng3.xml
	at org.testng.internal.Parameters.createParameters(Parameters.java:155)
	at org.testng.internal.Parameters.createParameters(Parameters.java:355)
	at org.testng.internal.Parameters.handleParameters(Parameters.java:447)
	at org.testng.internal.Invoker.handleParameters(Invoker.java:1383)
	at org.testng.internal.Invoker.createParameters(Invoker.java:1075)
	at org.testng.internal.Invoker.invokeTestMethods(Invoker.java:1180)
	at org.testng.internal.TestMethodWorker.invokeTestMethods(TestMethodWorker.java:127)
	at org.testng.internal.TestMethodWorker.run(TestMethodWorker.java:111)
	at org.testng.TestRunner.privateRun(TestRunner.java:767)
	at org.testng.TestRunner.run(TestRunner.java:617)
	at org.testng.SuiteRunner.runTest(SuiteRunner.java:334)
	at org.testng.SuiteRunner.runSequentially(SuiteRunner.java:329)
	at org.testng.SuiteRunner.privateRun(SuiteRunner.java:291)
	at org.testng.SuiteRunner.run(SuiteRunner.java:240)
	at org.testng.SuiteRunnerWorker.runSuite(SuiteRunnerWorker.java:52)
	at org.testng.SuiteRunnerWorker.run(SuiteRunnerWorker.java:86)
	at org.testng.TestNG.runSuitesSequentially(TestNG.java:1198)
	at org.testng.TestNG.runSuitesLocally(TestNG.java:1123)
	at org.testng.TestNG.run(TestNG.java:1031)
	at org.apache.maven.surefire.testng.TestNGExecutor.run(TestNGExecutor.java:324)
	at org.apache.maven.surefire.testng.TestNGXmlTestSuite.execute(TestNGXmlTestSuite.java:74)
	at org.apache.maven.surefire.testng.TestNGProvider.invoke(TestNGProvider.java:123)
	at org.apache.maven.surefire.booter.ForkedBooter.runSuitesInProcess(ForkedBooter.java:456)
	at org.apache.maven.surefire.booter.ForkedBooter.execute(ForkedBooter.java:169)
	at org.apache.maven.surefire.booter.ForkedBooter.run(ForkedBooter.java:595)
	at org.apache.maven.surefire.booter.ForkedBooter.main(ForkedBooter.java:581)
]]>
            </full-stacktrace>
          </exception> <!-- org.testng.TestNGException -->
          <reporter-output>
          </reporter-output>
        </test-method> <!-- playMusicOnYoutube -->
        <test-method status="PASS" signature="Invoke()[pri:0, instance:ashwani.TestCasePackage.TestCase1@59fa1d9b]" name="Invoke" is-config="true" duration-ms="14427" started-at="2022-09-29T17:41:56Z" finished-at="2022-09-29T17:42:10Z">
          <reporter-output>
          </reporter-output>
        </test-method> <!-- Invoke -->
        <test-method status="PASS" signature="searchandPlay()[pri:0, instance:ashwani.TestCasePackage.TestCase1@59fa1d9b]" name="searchandPlay" duration-ms="12275" started-at="2022-09-29T17:42:10Z" finished-at="2022-09-29T17:42:22Z">
          <reporter-output>
          </reporter-output>
        </test-method> <!-- searchandPlay -->
        <test-method status="PASS" signature="close()[pri:0, instance:ashwani.TestCasePackage.TestCase1@59fa1d9b]" name="close" is-config="true" duration-ms="535" started-at="2022-09-29T17:42:22Z" finished-at="2022-09-29T17:42:23Z">
          <reporter-output>
          </reporter-output>
        </test-method> <!-- close -->
        <test-method status="PASS" signature="Invoke()[pri:0, instance:ashwani.TestCasePackage.TestCase1@59fa1d9b]" name="Invoke" is-config="true" duration-ms="11510" started-at="2022-09-29T17:42:23Z" finished-at="2022-09-29T17:42:35Z">
          <reporter-output>
          </reporter-output>
        </test-method> <!-- Invoke -->
        <test-method status="PASS" signature="sortComments()[pri:0, instance:ashwani.TestCasePackage.TestCase1@59fa1d9b]" name="sortComments" duration-ms="14547" started-at="2022-09-29T17:42:35Z" finished-at="2022-09-29T17:42:49Z">
          <reporter-output>
          </reporter-output>
        </test-method> <!-- sortComments -->
        <test-method status="PASS" signature="close()[pri:0, instance:ashwani.TestCasePackage.TestCase1@59fa1d9b]" name="close" is-config="true" duration-ms="500" started-at="2022-09-29T17:42:49Z" finished-at="2022-09-29T17:42:50Z">
          <reporter-output>
          </reporter-output>
        </test-method> <!-- close -->
      </class> <!-- ashwani.TestCasePackage.TestCase1 -->
    </test> <!-- Test4 -->
    <test name="Test5" duration-ms="42414" started-at="2022-09-29T12:12:50Z" finished-at="2022-09-29T12:13:32Z">
      <class name="ashwani.TestCasePackage.TestCase2">
        <test-method status="PASS" signature="Invoke()[pri:0, instance:ashwani.TestCasePackage.TestCase2@548e7350]" name="Invoke" is-config="true" duration-ms="11365" started-at="2022-09-29T17:42:50Z" finished-at="2022-09-29T17:43:01Z">
          <reporter-output>
          </reporter-output>
        </test-method> <!-- Invoke -->
        <test-method status="FAIL" signature="getMeLive()[pri:0, instance:ashwani.TestCasePackage.TestCase2@548e7350]" name="getMeLive" duration-ms="11571" started-at="2022-09-29T17:43:01Z" finished-at="2022-09-29T17:43:13Z">
          <exception class="org.openqa.selenium.ElementNotInteractableException">
            <message>
              <![CDATA[element not interactable
  (Session info: chrome=105.0.5195.127)
Build info: version: '3.10.0', revision: '176b4a9', time: '2018-03-02T19:03:16.397Z'
System info: host: 'ASHWANI_SINGH', ip: '192.168.136.1', os.name: 'Windows 8.1', os.arch: 'amd64', os.version: '6.3', java.version: '1.8.0_11'
Driver info: org.openqa.selenium.chrome.ChromeDriver
Capabilities {acceptInsecureCerts: false, browserName: chrome, browserVersion: 105.0.5195.127, chrome: {chromedriverVersion: 104.0.5112.79 (3cf3e8c8a07d..., userDataDir: C:\Users\ASHWAN~1\AppData\L...}, goog:chromeOptions: {debuggerAddress: localhost:51928}, javascriptEnabled: true, networkConnectionEnabled: false, pageLoadStrategy: normal, platform: WINDOWS, platformName: WINDOWS, proxy: Proxy(), setWindowRect: true, strictFileInteractability: false, timeouts: {implicit: 0, pageLoad: 300000, script: 30000}, unhandledPromptBehavior: dismiss and notify, webauthn:extension:credBlob: true, webauthn:extension:largeBlob: true, webauthn:virtualAuthenticators: true}
Session ID: fc59f00813c2b95229e7cb08d5b21c89]]>
            </message>
            <full-stacktrace>
              <![CDATA[org.openqa.selenium.ElementNotInteractableException: element not interactable
  (Session info: chrome=105.0.5195.127)
Build info: version: '3.10.0', revision: '176b4a9', time: '2018-03-02T19:03:16.397Z'
System info: host: 'ASHWANI_SINGH', ip: '192.168.136.1', os.name: 'Windows 8.1', os.arch: 'amd64', os.version: '6.3', java.version: '1.8.0_11'
Driver info: org.openqa.selenium.chrome.ChromeDriver
Capabilities {acceptInsecureCerts: false, browserName: chrome, browserVersion: 105.0.5195.127, chrome: {chromedriverVersion: 104.0.5112.79 (3cf3e8c8a07d..., userDataDir: C:\Users\ASHWAN~1\AppData\L...}, goog:chromeOptions: {debuggerAddress: localhost:51928}, javascriptEnabled: true, networkConnectionEnabled: false, pageLoadStrategy: normal, platform: WINDOWS, platformName: WINDOWS, proxy: Proxy(), setWindowRect: true, strictFileInteractability: false, timeouts: {implicit: 0, pageLoad: 300000, script: 30000}, unhandledPromptBehavior: dismiss and notify, webauthn:extension:credBlob: true, webauthn:extension:largeBlob: true, webauthn:virtualAuthenticators: true}
Session ID: fc59f00813c2b95229e7cb08d5b21c89
	at sun.reflect.NativeConstructorAccessorImpl.newInstance0(Native Method)
	at sun.reflect.NativeConstructorAccessorImpl.newInstance(NativeConstructorAccessorImpl.java:62)
	at sun.reflect.DelegatingConstructorAccessorImpl.newInstance(DelegatingConstructorAccessorImpl.java:45)
	at java.lang.reflect.Constructor.newInstance(Constructor.java:408)
	at org.openqa.selenium.remote.http.W3CHttpResponseCodec.createException(W3CHttpResponseCodec.java:187)
	at org.openqa.selenium.remote.http.W3CHttpResponseCodec.decode(W3CHttpResponseCodec.java:122)
	at org.openqa.selenium.remote.http.W3CHttpResponseCodec.decode(W3CHttpResponseCodec.java:49)
	at org.openqa.selenium.remote.HttpCommandExecutor.execute(HttpCommandExecutor.java:160)
	at org.openqa.selenium.remote.service.DriverCommandExecutor.execute(DriverCommandExecutor.java:83)
	at org.openqa.selenium.remote.RemoteWebDriver.execute(RemoteWebDriver.java:601)
	at org.openqa.selenium.remote.RemoteWebElement.execute(RemoteWebElement.java:279)
	at org.openqa.selenium.remote.RemoteWebElement.click(RemoteWebElement.java:83)
	at ashwani.YouTubeWebpagePackage.TrendingWebPage.TrendingAt(TrendingWebPage.java:37)
	at ashwani.TestCasePackage.TestCase2.getMeLive(TestCase2.java:53)
	at sun.reflect.NativeMethodAccessorImpl.invoke0(Native Method)
	at sun.reflect.NativeMethodAccessorImpl.invoke(NativeMethodAccessorImpl.java:62)
	at sun.reflect.DelegatingMethodAccessorImpl.invoke(DelegatingMethodAccessorImpl.java:43)
	at java.lang.reflect.Method.invoke(Method.java:483)
	at org.testng.internal.MethodInvocationHelper.invokeMethod(MethodInvocationHelper.java:80)
	at org.testng.internal.Invoker.invokeMethod(Invoker.java:714)
	at org.testng.internal.Invoker.invokeTestMethod(Invoker.java:901)
	at org.testng.internal.Invoker.invokeTestMethods(Invoker.java:1231)
	at org.testng.internal.TestMethodWorker.invokeTestMethods(TestMethodWorker.java:127)
	at org.testng.internal.TestMethodWorker.run(TestMethodWorker.java:111)
	at org.testng.TestRunner.privateRun(TestRunner.java:767)
	at org.testng.TestRunner.run(TestRunner.java:617)
	at org.testng.SuiteRunner.runTest(SuiteRunner.java:334)
	at org.testng.SuiteRunner.runSequentially(SuiteRunner.java:329)
	at org.testng.SuiteRunner.privateRun(SuiteRunner.java:291)
	at org.testng.SuiteRunner.run(SuiteRunner.java:240)
	at org.testng.SuiteRunnerWorker.runSuite(SuiteRunnerWorker.java:52)
	at org.testng.SuiteRunnerWorker.run(SuiteRunnerWorker.java:86)
	at org.testng.TestNG.runSuitesSequentially(TestNG.java:1198)
	at org.testng.TestNG.runSuitesLocally(TestNG.java:1123)
	at org.testng.TestNG.run(TestNG.java:1031)
	at org.apache.maven.surefire.testng.TestNGExecutor.run(TestNGExecutor.java:324)
	at org.apache.maven.surefire.testng.TestNGXmlTestSuite.execute(TestNGXmlTestSuite.java:74)
	at org.apache.maven.surefire.testng.TestNGProvider.invoke(TestNGProvider.java:123)
	at org.apache.maven.surefire.booter.ForkedBooter.runSuitesInProcess(ForkedBooter.java:456)
	at org.apache.maven.surefire.booter.ForkedBooter.execute(ForkedBooter.java:169)
	at org.apache.maven.surefire.booter.ForkedBooter.run(ForkedBooter.java:595)
	at org.apache.maven.surefire.booter.ForkedBooter.main(ForkedBooter.java:581)
]]>
            </full-stacktrace>
          </exception> <!-- org.openqa.selenium.ElementNotInteractableException -->
          <reporter-output>
          </reporter-output>
        </test-method> <!-- getMeLive -->
        <test-method status="PASS" signature="close()[pri:0, instance:ashwani.TestCasePackage.TestCase2@548e7350]" name="close" is-config="true" duration-ms="1367" started-at="2022-09-29T17:43:13Z" finished-at="2022-09-29T17:43:14Z">
          <reporter-output>
          </reporter-output>
        </test-method> <!-- close -->
        <test-method status="PASS" signature="Invoke()[pri:0, instance:ashwani.TestCasePackage.TestCase2@548e7350]" name="Invoke" is-config="true" duration-ms="13222" started-at="2022-09-29T17:43:14Z" finished-at="2022-09-29T17:43:27Z">
          <reporter-output>
          </reporter-output>
        </test-method> <!-- Invoke -->
        <test-method status="PASS" signature="getMeTrending()[pri:0, instance:ashwani.TestCasePackage.TestCase2@548e7350]" name="getMeTrending" duration-ms="4352" started-at="2022-09-29T17:43:27Z" finished-at="2022-09-29T17:43:31Z">
          <reporter-output>
          </reporter-output>
        </test-method> <!-- getMeTrending -->
        <test-method status="PASS" signature="close()[pri:0, instance:ashwani.TestCasePackage.TestCase2@548e7350]" name="close" is-config="true" duration-ms="526" started-at="2022-09-29T17:43:31Z" finished-at="2022-09-29T17:43:32Z">
          <reporter-output>
          </reporter-output>
        </test-method> <!-- close -->
      </class> <!-- ashwani.TestCasePackage.TestCase2 -->
    </test> <!-- Test5 -->
  </suite> <!-- Suite -->
</testng-results>
