<?xml version="1.0" encoding="UTF-8"?>
<testng-results skipped="3" failed="0" total="3" passed="0">
  <reporter-output>
  </reporter-output>
  <suite name="Suite" duration-ms="1432" started-at="2022-09-29T08:44:04Z" finished-at="2022-09-29T08:44:05Z">
    <groups>
      <group name="Smoke">
        <method signature="TestCase1.playMusicOnYoutube(java.lang.String, java.lang.String)[pri:0, instance:ashwani.TestCasePackage.TestCase1@1554909b]" name="playMusicOnYoutube" class="ashwani.TestCasePackage.TestCase1"/>
        <method signature="TestCase1.sortComments()[pri:0, instance:ashwani.TestCasePackage.TestCase1@1554909b]" name="sortComments" class="ashwani.TestCasePackage.TestCase1"/>
        <method signature="TestCase2.getMeLive()[pri:0, instance:ashwani.TestCasePackage.TestCase2@6fb554cc]" name="getMeLive" class="ashwani.TestCasePackage.TestCase2"/>
      </group> <!-- Smoke -->
    </groups>
    <test name="Test1" duration-ms="814" started-at="2022-09-29T08:44:04Z" finished-at="2022-09-29T08:44:05Z">
      <class name="ashwani.TestCasePackage.TestCase1">
        <test-method status="FAIL" signature="Invoke()[pri:0, instance:ashwani.TestCasePackage.TestCase1@1554909b]" name="Invoke" is-config="true" duration-ms="0" started-at="2022-09-29T14:14:04Z" finished-at="2022-09-29T14:14:04Z">
          <exception class="java.lang.IllegalStateException">
            <message>
              <![CDATA[The path to the driver executable must be set by the webdriver.chrome.driver system property; for more information, see https://github.com/SeleniumHQ/selenium/wiki/ChromeDriver. The latest version can be downloaded from http://chromedriver.storage.googleapis.com/index.html]]>
            </message>
            <full-stacktrace>
              <![CDATA[java.lang.IllegalStateException: The path to the driver executable must be set by the webdriver.chrome.driver system property; for more information, see https://github.com/SeleniumHQ/selenium/wiki/ChromeDriver. The latest version can be downloaded from http://chromedriver.storage.googleapis.com/index.html
	at com.google.common.base.Preconditions.checkState(Preconditions.java:847)
	at org.openqa.selenium.remote.service.DriverService.findExecutable(DriverService.java:124)
	at org.openqa.selenium.chrome.ChromeDriverService.access$000(ChromeDriverService.java:32)
	at org.openqa.selenium.chrome.ChromeDriverService$Builder.findDefaultExecutable(ChromeDriverService.java:137)
	at org.openqa.selenium.remote.service.DriverService$Builder.build(DriverService.java:339)
	at org.openqa.selenium.chrome.ChromeDriverService.createDefaultService(ChromeDriverService.java:88)
	at org.openqa.selenium.chrome.ChromeDriver.<init>(ChromeDriver.java:123)
	at ashwani.TestCasePackage.BaseTest.invokeBrowser(BaseTest.java:46)
	at ashwani.TestCasePackage.TestCase1.Invoke(TestCase1.java:27)
	at sun.reflect.NativeMethodAccessorImpl.invoke0(Native Method)
	at sun.reflect.NativeMethodAccessorImpl.invoke(NativeMethodAccessorImpl.java:62)
	at sun.reflect.DelegatingMethodAccessorImpl.invoke(DelegatingMethodAccessorImpl.java:43)
	at java.lang.reflect.Method.invoke(Method.java:483)
	at org.testng.internal.MethodInvocationHelper.invokeMethod(MethodInvocationHelper.java:80)
	at org.testng.internal.Invoker.invokeConfigurationMethod(Invoker.java:564)
	at org.testng.internal.Invoker.invokeConfigurations(Invoker.java:213)
	at org.testng.internal.Invoker.invokeMethod(Invoker.java:653)
	at org.testng.internal.Invoker.invokeTestMethod(Invoker.java:901)
	at org.testng.internal.Invoker.invokeTestMethods(Invoker.java:1231)
	at org.testng.internal.TestMethodWorker.invokeTestMethods(TestMethodWorker.java:127)
	at org.testng.internal.TestMethodWorker.run(TestMethodWorker.java:111)
	at org.testng.TestRunner.privateRun(TestRunner.java:767)
	at org.testng.TestRunner.run(TestRunner.java:617)
	at org.testng.SuiteRunner.runTest(SuiteRunner.java:334)
	at org.testng.SuiteRunner.runSequentially(SuiteRunner.java:329)
	at org.testng.SuiteRunner.privateRun(SuiteRunner.java:291)
	at org.testng.SuiteRunner.run(SuiteRunner.java:240)
	at org.testng.SuiteRunnerWorker.runSuite(SuiteRunnerWorker.java:52)
	at org.testng.SuiteRunnerWorker.run(SuiteRunnerWorker.java:86)
	at org.testng.TestNG.runSuitesSequentially(TestNG.java:1198)
	at org.testng.TestNG.runSuitesLocally(TestNG.java:1123)
	at org.testng.TestNG.run(TestNG.java:1031)
	at org.testng.remote.RemoteTestNG.run(RemoteTestNG.java:115)
	at org.testng.remote.RemoteTestNG.initAndRun(RemoteTestNG.java:207)
	at org.testng.remote.RemoteTestNG.main(RemoteTestNG.java:178)
]]>
            </full-stacktrace>
          </exception> <!-- java.lang.IllegalStateException -->
          <reporter-output>
          </reporter-output>
        </test-method> <!-- Invoke -->
        <test-method status="SKIP" signature="playMusicOnYoutube(java.lang.String, java.lang.String)[pri:0, instance:ashwani.TestCasePackage.TestCase1@1554909b]" name="playMusicOnYoutube" duration-ms="546" started-at="2022-09-29T14:14:04Z" finished-at="2022-09-29T14:14:05Z">
          <params>
            <param index="0">
              <value>
                <![CDATA[Ashwani]]>
              </value>
            </param>
            <param index="1">
              <value>
                <![CDATA[Alka]]>
              </value>
            </param>
          </params>
          <reporter-output>
          </reporter-output>
        </test-method> <!-- playMusicOnYoutube -->
        <test-method status="SKIP" signature="sortComments()[pri:0, instance:ashwani.TestCasePackage.TestCase1@1554909b]" name="sortComments" duration-ms="16" started-at="2022-09-29T14:14:05Z" finished-at="2022-09-29T14:14:05Z">
          <reporter-output>
          </reporter-output>
        </test-method> <!-- sortComments -->
        <test-method status="SKIP" signature="Invoke()[pri:0, instance:ashwani.TestCasePackage.TestCase1@1554909b]" name="Invoke" is-config="true" duration-ms="0" started-at="2022-09-29T14:14:05Z" finished-at="2022-09-29T14:14:05Z">
          <reporter-output>
          </reporter-output>
        </test-method> <!-- Invoke -->
      </class> <!-- ashwani.TestCasePackage.TestCase1 -->
    </test> <!-- Test1 -->
    <test name="Test2" duration-ms="15" started-at="2022-09-29T08:44:05Z" finished-at="2022-09-29T08:44:05Z">
      <class name="ashwani.TestCasePackage.TestCase2">
        <test-method status="SKIP" signature="getMeLive()[pri:0, instance:ashwani.TestCasePackage.TestCase2@6fb554cc]" name="getMeLive" duration-ms="15" started-at="2022-09-29T14:14:05Z" finished-at="2022-09-29T14:14:05Z">
          <reporter-output>
          </reporter-output>
        </test-method> <!-- getMeLive -->
        <test-method status="FAIL" signature="Invoke()[pri:0, instance:ashwani.TestCasePackage.TestCase2@6fb554cc]" name="Invoke" is-config="true" duration-ms="0" started-at="2022-09-29T14:14:05Z" finished-at="2022-09-29T14:14:05Z">
          <exception class="java.lang.IllegalStateException">
            <message>
              <![CDATA[The path to the driver executable must be set by the webdriver.chrome.driver system property; for more information, see https://github.com/SeleniumHQ/selenium/wiki/ChromeDriver. The latest version can be downloaded from http://chromedriver.storage.googleapis.com/index.html]]>
            </message>
            <full-stacktrace>
              <![CDATA[java.lang.IllegalStateException: The path to the driver executable must be set by the webdriver.chrome.driver system property; for more information, see https://github.com/SeleniumHQ/selenium/wiki/ChromeDriver. The latest version can be downloaded from http://chromedriver.storage.googleapis.com/index.html
	at com.google.common.base.Preconditions.checkState(Preconditions.java:847)
	at org.openqa.selenium.remote.service.DriverService.findExecutable(DriverService.java:124)
	at org.openqa.selenium.chrome.ChromeDriverService.access$000(ChromeDriverService.java:32)
	at org.openqa.selenium.chrome.ChromeDriverService$Builder.findDefaultExecutable(ChromeDriverService.java:137)
	at org.openqa.selenium.remote.service.DriverService$Builder.build(DriverService.java:339)
	at org.openqa.selenium.chrome.ChromeDriverService.createDefaultService(ChromeDriverService.java:88)
	at org.openqa.selenium.chrome.ChromeDriver.<init>(ChromeDriver.java:123)
	at ashwani.TestCasePackage.BaseTest.invokeBrowser(BaseTest.java:46)
	at ashwani.TestCasePackage.TestCase2.Invoke(TestCase2.java:29)
	at sun.reflect.NativeMethodAccessorImpl.invoke0(Native Method)
	at sun.reflect.NativeMethodAccessorImpl.invoke(NativeMethodAccessorImpl.java:62)
	at sun.reflect.DelegatingMethodAccessorImpl.invoke(DelegatingMethodAccessorImpl.java:43)
	at java.lang.reflect.Method.invoke(Method.java:483)
	at org.testng.internal.MethodInvocationHelper.invokeMethod(MethodInvocationHelper.java:80)
	at org.testng.internal.Invoker.invokeConfigurationMethod(Invoker.java:564)
	at org.testng.internal.Invoker.invokeConfigurations(Invoker.java:213)
	at org.testng.internal.Invoker.invokeMethod(Invoker.java:653)
	at org.testng.internal.Invoker.invokeTestMethod(Invoker.java:901)
	at org.testng.internal.Invoker.invokeTestMethods(Invoker.java:1231)
	at org.testng.internal.TestMethodWorker.invokeTestMethods(TestMethodWorker.java:127)
	at org.testng.internal.TestMethodWorker.run(TestMethodWorker.java:111)
	at org.testng.TestRunner.privateRun(TestRunner.java:767)
	at org.testng.TestRunner.run(TestRunner.java:617)
	at org.testng.SuiteRunner.runTest(SuiteRunner.java:334)
	at org.testng.SuiteRunner.runSequentially(SuiteRunner.java:329)
	at org.testng.SuiteRunner.privateRun(SuiteRunner.java:291)
	at org.testng.SuiteRunner.run(SuiteRunner.java:240)
	at org.testng.SuiteRunnerWorker.runSuite(SuiteRunnerWorker.java:52)
	at org.testng.SuiteRunnerWorker.run(SuiteRunnerWorker.java:86)
	at org.testng.TestNG.runSuitesSequentially(TestNG.java:1198)
	at org.testng.TestNG.runSuitesLocally(TestNG.java:1123)
	at org.testng.TestNG.run(TestNG.java:1031)
	at org.testng.remote.RemoteTestNG.run(RemoteTestNG.java:115)
	at org.testng.remote.RemoteTestNG.initAndRun(RemoteTestNG.java:207)
	at org.testng.remote.RemoteTestNG.main(RemoteTestNG.java:178)
]]>
            </full-stacktrace>
          </exception> <!-- java.lang.IllegalStateException -->
          <reporter-output>
          </reporter-output>
        </test-method> <!-- Invoke -->
      </class> <!-- ashwani.TestCasePackage.TestCase2 -->
    </test> <!-- Test2 -->
  </suite> <!-- Suite -->
</testng-results>
