<?xml version="1.0" encoding="UTF-8"?>
<!-- Generated by org.testng.reporters.JUnitReportReporter -->
<testsuite hostname="Ashwani_Singh" name="ashwani.TestCasePackage.TestCase1" tests="4" failures="1" timestamp="29 Sep 2022 12:13:32 GMT" time="72.673" errors="0">
  <testcase name="playMusicOnYoutube" time="14.962" classname="ashwani.TestCasePackage.TestCase1">
    <failure type="org.testng.TestNGException" message="
Parameter &#039;user&#039; is required by @Test on method playMusicOnYoutube but has not been marked @Optional or defined
in D:\workspace100\Youtube_Automation\Suites\testng3.xml">
      <![CDATA[org.testng.TestNGException: 
Parameter 'user' is required by @Test on method playMusicOnYoutube but has not been marked @Optional or defined
in D:\workspace100\Youtube_Automation\Suites\testng3.xml
	at org.testng.internal.Parameters.createParameters(Parameters.java:155)
	at org.testng.internal.Parameters.createParameters(Parameters.java:355)
	at org.testng.internal.Parameters.handleParameters(Parameters.java:447)
	at org.testng.internal.Invoker.handleParameters(Invoker.java:1383)
	at org.testng.internal.Invoker.createParameters(Invoker.java:1075)
	at org.testng.internal.Invoker.invokeTestMethods(Invoker.java:1180)
	at org.testng.internal.TestMethodWorker.invokeTestMethods(TestMethodWorker.java:127)
	at org.testng.internal.TestMethodWorker.run(TestMethodWorker.java:111)
	at org.testng.TestRunner.privateRun(TestRunner.java:767)
	at org.testng.TestRunner.run(TestRunner.java:617)
	at org.testng.SuiteRunner.runTest(SuiteRunner.java:334)
	at org.testng.SuiteRunner.runSequentially(SuiteRunner.java:329)
	at org.testng.SuiteRunner.privateRun(SuiteRunner.java:291)
	at org.testng.SuiteRunner.run(SuiteRunner.java:240)
	at org.testng.SuiteRunnerWorker.runSuite(SuiteRunnerWorker.java:52)
	at org.testng.SuiteRunnerWorker.run(SuiteRunnerWorker.java:86)
	at org.testng.TestNG.runSuitesSequentially(TestNG.java:1198)
	at org.testng.TestNG.runSuitesLocally(TestNG.java:1123)
	at org.testng.TestNG.run(TestNG.java:1031)
	at org.apache.maven.surefire.testng.TestNGExecutor.run(TestNGExecutor.java:324)
	at org.apache.maven.surefire.testng.TestNGXmlTestSuite.execute(TestNGXmlTestSuite.java:74)
	at org.apache.maven.surefire.testng.TestNGProvider.invoke(TestNGProvider.java:123)
	at org.apache.maven.surefire.booter.ForkedBooter.runSuitesInProcess(ForkedBooter.java:456)
	at org.apache.maven.surefire.booter.ForkedBooter.execute(ForkedBooter.java:169)
	at org.apache.maven.surefire.booter.ForkedBooter.run(ForkedBooter.java:595)
	at org.apache.maven.surefire.booter.ForkedBooter.main(ForkedBooter.java:581)
]]>
    </failure>
  </testcase> <!-- playMusicOnYoutube -->
  <testcase name="playFrmSubscriptionTab" time="16.713" classname="ashwani.TestCasePackage.TestCase1"/>
  <testcase name="sortComments" time="28.723" classname="ashwani.TestCasePackage.TestCase1"/>
  <testcase name="searchandPlay" time="12.275" classname="ashwani.TestCasePackage.TestCase1"/>
</testsuite> <!-- ashwani.TestCasePackage.TestCase1 -->
